C51 COMPILER V9.52.0.0   COPY_OF_MAIN                                                      05/29/2014 00:15:33 PAGE 1   


C51 COMPILER V9.52.0.0, COMPILATION OF MODULE COPY_OF_MAIN
OBJECT MODULE PLACED IN Copy of main.OBJ
COMPILER INVOKED BY: C:\Keil\C51\C51\BIN\C51.EXE Copy of main.c BROWSE DEBUG OBJECTEXTEND TABS(2)

line level    source

   1          #include <reg52.h>
   2          #include <stdlib.h>
   3          #include <stdio.h>
   4          #include <intrins.h>
   5          
   6          typedef unsigned char uint8_t;
   7          typedef unsigned int uint16_t;
   8          
   9          /********************************/
  10          /*    Real Time Clock Pin   */
  11          /********************************/
  12          
  13          /********************************/
  14          /*    All Shift Data  Pin   */
  15          /********************************/
  16          sbit  cd4017_rst  = P1^7;
  17          sbit  cd4017_h0 = P1^1;
  18          sbit  cd4017_h1 = P1^2;
  19          sbit  cd4017_m0 = P1^3;
  20          sbit  cd4017_m1 = P1^4;
  21          sbit  cd4017_s0 = P1^5;
  22          sbit  cd4017_s1 = P1^6;
  23          sbit  cd4017_d0 = P3^2;
  24          sbit  cd4017_dot  = P3^3;
  25          /********************************/
  26          /*    Global Variable     */
  27          /********************************/
  28          
  29          void main(void){
  30   1        
  31   1        uint8_t i, j, k;
  32   1        
  33   1        P1 = 0x00;
  34   1        cd4017_rst = 1;cd4017_rst = 0;
  35   1      
  36   1        while(1){
  37   2          
  38   2          cd4017_h0 = 0;cd4017_h0 = 1;cd4017_h0 = 0;
  39   2          cd4017_h1 = 0;cd4017_h1 = 1;cd4017_h1 = 0;
  40   2          cd4017_m0 = 0;cd4017_m0 = 1;cd4017_m0 = 0;
  41   2          cd4017_m1 = 0;cd4017_m1 = 1;cd4017_m1 = 0;
  42   2          cd4017_s0 = 0;cd4017_s0 = 1;cd4017_s0 = 0;
  43   2          cd4017_s1 = 0;cd4017_s1 = 1;cd4017_s1 = 0;
  44   2          cd4017_d0 = 0;cd4017_d0 = 1;cd4017_d0 = 0;
  45   2      
  46   2          for(i = 0;i < 15;i++){
  47   3            for(j = 0;j < 135;j++){
  48   4              for(k = 0;k < 250;k++);
  49   4            }
  50   3          }
  51   2        }
  52   1      }


MODULE INFORMATION:   STATIC OVERLAYABLE
C51 COMPILER V9.52.0.0   COPY_OF_MAIN                                                      05/29/2014 00:15:33 PAGE 2   

   CODE SIZE        =     69    ----
   CONSTANT SIZE    =   ----    ----
   XDATA SIZE       =   ----    ----
   PDATA SIZE       =   ----    ----
   DATA SIZE        =   ----    ----
   IDATA SIZE       =   ----    ----
   BIT SIZE         =   ----    ----
END OF MODULE INFORMATION.


C51 COMPILATION COMPLETE.  0 WARNING(S),  0 ERROR(S)
